  Interface.cpp
C:\Users\usama\OneDrive\Desktop\C++ LIBRARY\Sample c++ library project\Sample c++ library project\Interface.h(186,1): warning C4267: 'argument': conversion from 'size_t' to 'int', possible loss of data
C:\Users\usama\OneDrive\Desktop\C++ LIBRARY\Sample c++ library project\Sample c++ library project\Interface.h(190,1): warning C4267: 'argument': conversion from 'size_t' to 'int', possible loss of data
C:\Users\usama\OneDrive\Desktop\C++ LIBRARY\Sample c++ library project\Sample c++ library project\Interface.h(192,1): warning C4267: 'argument': conversion from 'size_t' to 'int', possible loss of data
C:\Users\usama\OneDrive\Desktop\C++ LIBRARY\Sample c++ library project\Sample c++ library project\Interface.h(192,16): warning C4309: 'argument': truncation of constant value
C:\Users\usama\OneDrive\Desktop\C++ LIBRARY\Sample c++ library project\Sample c++ library project\Interface.h(309,1): warning C4267: '=': conversion from 'size_t' to 'int', possible loss of data
C:\Users\usama\OneDrive\Desktop\C++ LIBRARY\Sample c++ library project\Sample c++ library project\Interface.h(377,1): warning C4267: 'initializing': conversion from 'size_t' to 'int', possible loss of data
C:\Users\usama\OneDrive\Desktop\C++ LIBRARY\Sample c++ library project\Sample c++ library project\Interface.h(542,1): warning C4267: 'initializing': conversion from 'size_t' to 'int', possible loss of data
C:\Users\usama\OneDrive\Desktop\C++ LIBRARY\Sample c++ library project\Sample c++ library project\Interface.h(720,33): warning C4267: '+=': conversion from 'size_t' to 'int', possible loss of data
C:\Users\usama\OneDrive\Desktop\C++ LIBRARY\Sample c++ library project\Sample c++ library project\Interface.h(818,1): warning C4267: '=': conversion from 'size_t' to 'int', possible loss of data
C:\Users\usama\OneDrive\Desktop\C++ LIBRARY\Sample c++ library project\Sample c++ library project\Interface.h(880,1): warning C4267: 'return': conversion from 'size_t' to 'int', possible loss of data
C:\Users\usama\OneDrive\Desktop\C++ LIBRARY\Sample c++ library project\Sample c++ library project\Interface.h(881,1): warning C4267: 'return': conversion from 'size_t' to 'int', possible loss of data
C:\Users\usama\OneDrive\Desktop\C++ LIBRARY\Sample c++ library project\Sample c++ library project\Interface.h(883,1): warning C4267: 'return': conversion from 'size_t' to 'int', possible loss of data
C:\Users\usama\OneDrive\Desktop\C++ LIBRARY\Sample c++ library project\Sample c++ library project\Interface.h(885,1): warning C4267: 'return': conversion from 'size_t' to 'int', possible loss of data
C:\Users\usama\OneDrive\Desktop\C++ LIBRARY\Sample c++ library project\Sample c++ library project\Interface.h(887,1): warning C4267: 'return': conversion from 'size_t' to 'int', possible loss of data
C:\Users\usama\OneDrive\Desktop\C++ LIBRARY\Sample c++ library project\Sample c++ library project\Interface.h(894,37): warning C4267: '+=': conversion from 'size_t' to 'int', possible loss of data
C:\Users\usama\OneDrive\Desktop\C++ LIBRARY\Sample c++ library project\Sample c++ library project\Interface.h(896,37): warning C4267: '+=': conversion from 'size_t' to 'int', possible loss of data
C:\Users\usama\OneDrive\Desktop\C++ LIBRARY\Sample c++ library project\Sample c++ library project\Interface.h(898,1): warning C4267: 'return': conversion from 'size_t' to 'int', possible loss of data
C:\Users\usama\OneDrive\Desktop\C++ LIBRARY\Sample c++ library project\Sample c++ library project\Interface.h(929,60): warning C4244: 'return': conversion from 'float' to 'int', possible loss of data
C:\Users\usama\OneDrive\Desktop\C++ LIBRARY\Sample c++ library project\Sample c++ library project\Interface.h(978,1): warning C4267: 'argument': conversion from 'size_t' to 'int', possible loss of data
C:\Users\usama\OneDrive\Desktop\C++ LIBRARY\Sample c++ library project\Sample c++ library project\Interface.h(981,36): warning C4267: '+=': conversion from 'size_t' to 'int', possible loss of data
C:\Users\usama\OneDrive\Desktop\C++ LIBRARY\Sample c++ library project\Sample c++ library project\Interface.h(1075,1): warning C4267: 'argument': conversion from 'size_t' to 'int', possible loss of data
C:\Users\usama\OneDrive\Desktop\C++ LIBRARY\Sample c++ library project\Sample c++ library project\Interface.h(1139,1): warning C4267: 'argument': conversion from 'size_t' to 'int', possible loss of data
C:\Users\usama\OneDrive\Desktop\C++ LIBRARY\Sample c++ library project\Sample c++ library project\Interface.h(1144,1): warning C4267: '=': conversion from 'size_t' to 'int', possible loss of data
C:\Users\usama\OneDrive\Desktop\C++ LIBRARY\Sample c++ library project\Sample c++ library project\Interface.h(1145,1): warning C4267: 'argument': conversion from 'size_t' to 'int', possible loss of data
C:\Users\usama\OneDrive\Desktop\C++ LIBRARY\Sample c++ library project\Sample c++ library project\Interface.h(1175,1): warning C4267: 'argument': conversion from 'size_t' to 'int', possible loss of data
C:\Users\usama\OneDrive\Desktop\C++ LIBRARY\Sample c++ library project\Sample c++ library project\Interface.h(1180,1): warning C4267: '=': conversion from 'size_t' to 'int', possible loss of data
C:\Users\usama\OneDrive\Desktop\C++ LIBRARY\Sample c++ library project\Sample c++ library project\Interface.h(1181,1): warning C4267: 'argument': conversion from 'size_t' to 'int', possible loss of data
C:\Users\usama\OneDrive\Desktop\C++ LIBRARY\Sample c++ library project\Sample c++ library project\Interface.h(1196,1): warning C4267: 'initializing': conversion from 'size_t' to 'int', possible loss of data
C:\Users\usama\OneDrive\Desktop\C++ LIBRARY\Sample c++ library project\Sample c++ library project\Interface.h(1205,1): warning C4267: 'initializing': conversion from 'size_t' to 'int', possible loss of data
C:\Users\usama\OneDrive\Desktop\C++ LIBRARY\Sample c++ library project\Sample c++ library project\Interface.h(1466,1): warning C4267: 'argument': conversion from 'size_t' to 'int', possible loss of data
C:\Users\usama\OneDrive\Desktop\C++ LIBRARY\Sample c++ library project\Sample c++ library project\Interface.h(1541,1): warning C4267: 'argument': conversion from 'size_t' to 'int', possible loss of data
C:\Users\usama\OneDrive\Desktop\C++ LIBRARY\Sample c++ library project\Sample c++ library project\Interface.h(1545,1): warning C4267: 'argument': conversion from 'size_t' to 'int', possible loss of data
C:\Users\usama\OneDrive\Desktop\C++ LIBRARY\Sample c++ library project\Sample c++ library project\Interface.h(1550,1): warning C4267: 'argument': conversion from 'size_t' to 'int', possible loss of data
C:\Users\usama\OneDrive\Desktop\C++ LIBRARY\Sample c++ library project\Sample c++ library project\Interface.h(1626,1): warning C4267: '=': conversion from 'size_t' to 'int', possible loss of data
C:\Users\usama\OneDrive\Desktop\C++ LIBRARY\Sample c++ library project\Sample c++ library project\Interface.h(1681,1): warning C4267: 'initializing': conversion from 'size_t' to 'int', possible loss of data
C:\Users\usama\OneDrive\Desktop\C++ LIBRARY\Sample c++ library project\Sample c++ library project\Interface.h(1694,1): warning C4267: '=': conversion from 'size_t' to 'int', possible loss of data
C:\Users\usama\OneDrive\Desktop\C++ LIBRARY\Sample c++ library project\Sample c++ library project\Interface.h(2020,1): warning C4267: 'argument': conversion from 'size_t' to 'int', possible loss of data
C:\Users\usama\OneDrive\Desktop\C++ LIBRARY\Sample c++ library project\Sample c++ library project\Interface.h(2027,1): warning C4267: 'argument': conversion from 'size_t' to 'int', possible loss of data
C:\Users\usama\OneDrive\Desktop\C++ LIBRARY\Sample c++ library project\Sample c++ library project\Interface.h(2034,1): warning C4267: 'argument': conversion from 'size_t' to 'int', possible loss of data
C:\Users\usama\OneDrive\Desktop\C++ LIBRARY\Sample c++ library project\Sample c++ library project\Interface.h(2038,1): warning C4267: 'argument': conversion from 'size_t' to 'int', possible loss of data
C:\Users\usama\OneDrive\Desktop\C++ LIBRARY\Sample c++ library project\Sample c++ library project\Interface.cpp(60,20): warning C4244: 'argument': conversion from 'double' to 'int', possible loss of data
C:\Users\usama\OneDrive\Desktop\C++ LIBRARY\Sample c++ library project\Sample c++ library project\Interface.cpp(98,20): warning C4244: 'argument': conversion from 'double' to 'int', possible loss of data
C:\Users\usama\OneDrive\Desktop\C++ LIBRARY\Sample c++ library project\Sample c++ library project\Interface.cpp(316,45): warning C4244: 'argument': conversion from 'double' to 'int', possible loss of data
C:\Users\usama\OneDrive\Desktop\C++ LIBRARY\Sample c++ library project\Sample c++ library project\Interface.cpp(316,26): warning C4244: 'argument': conversion from 'double' to 'int', possible loss of data
C:\Users\usama\OneDrive\Desktop\C++ LIBRARY\Sample c++ library project\Sample c++ library project\Interface.cpp(567,69): warning C4267: 'argument': conversion from 'size_t' to 'int', possible loss of data
C:\Users\usama\OneDrive\Desktop\C++ LIBRARY\Sample c++ library project\Sample c++ library project\Interface.cpp(578,69): warning C4267: 'argument': conversion from 'size_t' to 'int', possible loss of data
C:\Users\usama\OneDrive\Desktop\C++ LIBRARY\Sample c++ library project\Sample c++ library project\Interface.cpp(590,53): warning C4267: '=': conversion from 'size_t' to 'int', possible loss of data
C:\Users\usama\OneDrive\Desktop\C++ LIBRARY\Sample c++ library project\Sample c++ library project\Interface.cpp(682,13): warning C4244: 'return': conversion from 'double' to 'float', possible loss of data
C:\Program Files\Microsoft Visual Studio\2022\Community\VC\Tools\MSVC\14.32.31326\include\utility(190,48): warning C4267: 'initializing': conversion from 'size_t' to '_Ty1', possible loss of data
          with
          [
              _Ty1=int
          ]
C:\Users\usama\OneDrive\Desktop\C++ LIBRARY\Sample c++ library project\Sample c++ library project\Interface.h(964): message : see reference to function template instantiation 'std::pair<int,int>::pair<unsigned __int64,int,0>(_Other1 &&,_Other2 &&) noexcept' being compiled
          with
          [
              _Other1=unsigned __int64,
              _Other2=int
          ]
C:\Users\usama\OneDrive\Desktop\C++ LIBRARY\Sample c++ library project\Sample c++ library project\Interface.h(964): message : see reference to function template instantiation 'std::pair<int,int>::pair<unsigned __int64,int,0>(_Other1 &&,_Other2 &&) noexcept' being compiled
          with
          [
              _Other1=unsigned __int64,
              _Other2=int
          ]
  Source.cpp
C:\Users\usama\OneDrive\Desktop\C++ LIBRARY\Sample c++ library project\Sample c++ library project\interface.h(186,1): warning C4267: 'argument': conversion from 'size_t' to 'int', possible loss of data
C:\Users\usama\OneDrive\Desktop\C++ LIBRARY\Sample c++ library project\Sample c++ library project\interface.h(190,1): warning C4267: 'argument': conversion from 'size_t' to 'int', possible loss of data
C:\Users\usama\OneDrive\Desktop\C++ LIBRARY\Sample c++ library project\Sample c++ library project\interface.h(192,1): warning C4267: 'argument': conversion from 'size_t' to 'int', possible loss of data
C:\Users\usama\OneDrive\Desktop\C++ LIBRARY\Sample c++ library project\Sample c++ library project\interface.h(192,16): warning C4309: 'argument': truncation of constant value
C:\Users\usama\OneDrive\Desktop\C++ LIBRARY\Sample c++ library project\Sample c++ library project\interface.h(309,1): warning C4267: '=': conversion from 'size_t' to 'int', possible loss of data
C:\Users\usama\OneDrive\Desktop\C++ LIBRARY\Sample c++ library project\Sample c++ library project\interface.h(377,1): warning C4267: 'initializing': conversion from 'size_t' to 'int', possible loss of data
C:\Users\usama\OneDrive\Desktop\C++ LIBRARY\Sample c++ library project\Sample c++ library project\interface.h(542,1): warning C4267: 'initializing': conversion from 'size_t' to 'int', possible loss of data
C:\Users\usama\OneDrive\Desktop\C++ LIBRARY\Sample c++ library project\Sample c++ library project\interface.h(720,33): warning C4267: '+=': conversion from 'size_t' to 'int', possible loss of data
C:\Users\usama\OneDrive\Desktop\C++ LIBRARY\Sample c++ library project\Sample c++ library project\interface.h(818,1): warning C4267: '=': conversion from 'size_t' to 'int', possible loss of data
C:\Users\usama\OneDrive\Desktop\C++ LIBRARY\Sample c++ library project\Sample c++ library project\interface.h(880,1): warning C4267: 'return': conversion from 'size_t' to 'int', possible loss of data
C:\Users\usama\OneDrive\Desktop\C++ LIBRARY\Sample c++ library project\Sample c++ library project\interface.h(881,1): warning C4267: 'return': conversion from 'size_t' to 'int', possible loss of data
C:\Users\usama\OneDrive\Desktop\C++ LIBRARY\Sample c++ library project\Sample c++ library project\interface.h(883,1): warning C4267: 'return': conversion from 'size_t' to 'int', possible loss of data
C:\Users\usama\OneDrive\Desktop\C++ LIBRARY\Sample c++ library project\Sample c++ library project\interface.h(885,1): warning C4267: 'return': conversion from 'size_t' to 'int', possible loss of data
C:\Users\usama\OneDrive\Desktop\C++ LIBRARY\Sample c++ library project\Sample c++ library project\interface.h(887,1): warning C4267: 'return': conversion from 'size_t' to 'int', possible loss of data
C:\Users\usama\OneDrive\Desktop\C++ LIBRARY\Sample c++ library project\Sample c++ library project\interface.h(894,37): warning C4267: '+=': conversion from 'size_t' to 'int', possible loss of data
C:\Users\usama\OneDrive\Desktop\C++ LIBRARY\Sample c++ library project\Sample c++ library project\interface.h(896,37): warning C4267: '+=': conversion from 'size_t' to 'int', possible loss of data
C:\Users\usama\OneDrive\Desktop\C++ LIBRARY\Sample c++ library project\Sample c++ library project\interface.h(898,1): warning C4267: 'return': conversion from 'size_t' to 'int', possible loss of data
C:\Users\usama\OneDrive\Desktop\C++ LIBRARY\Sample c++ library project\Sample c++ library project\interface.h(929,60): warning C4244: 'return': conversion from 'float' to 'int', possible loss of data
C:\Users\usama\OneDrive\Desktop\C++ LIBRARY\Sample c++ library project\Sample c++ library project\interface.h(978,1): warning C4267: 'argument': conversion from 'size_t' to 'int', possible loss of data
C:\Users\usama\OneDrive\Desktop\C++ LIBRARY\Sample c++ library project\Sample c++ library project\interface.h(981,36): warning C4267: '+=': conversion from 'size_t' to 'int', possible loss of data
C:\Users\usama\OneDrive\Desktop\C++ LIBRARY\Sample c++ library project\Sample c++ library project\interface.h(1075,1): warning C4267: 'argument': conversion from 'size_t' to 'int', possible loss of data
C:\Users\usama\OneDrive\Desktop\C++ LIBRARY\Sample c++ library project\Sample c++ library project\interface.h(1139,1): warning C4267: 'argument': conversion from 'size_t' to 'int', possible loss of data
C:\Users\usama\OneDrive\Desktop\C++ LIBRARY\Sample c++ library project\Sample c++ library project\interface.h(1144,1): warning C4267: '=': conversion from 'size_t' to 'int', possible loss of data
C:\Users\usama\OneDrive\Desktop\C++ LIBRARY\Sample c++ library project\Sample c++ library project\interface.h(1145,1): warning C4267: 'argument': conversion from 'size_t' to 'int', possible loss of data
C:\Users\usama\OneDrive\Desktop\C++ LIBRARY\Sample c++ library project\Sample c++ library project\interface.h(1175,1): warning C4267: 'argument': conversion from 'size_t' to 'int', possible loss of data
C:\Users\usama\OneDrive\Desktop\C++ LIBRARY\Sample c++ library project\Sample c++ library project\interface.h(1180,1): warning C4267: '=': conversion from 'size_t' to 'int', possible loss of data
C:\Users\usama\OneDrive\Desktop\C++ LIBRARY\Sample c++ library project\Sample c++ library project\interface.h(1181,1): warning C4267: 'argument': conversion from 'size_t' to 'int', possible loss of data
C:\Users\usama\OneDrive\Desktop\C++ LIBRARY\Sample c++ library project\Sample c++ library project\interface.h(1196,1): warning C4267: 'initializing': conversion from 'size_t' to 'int', possible loss of data
C:\Users\usama\OneDrive\Desktop\C++ LIBRARY\Sample c++ library project\Sample c++ library project\interface.h(1205,1): warning C4267: 'initializing': conversion from 'size_t' to 'int', possible loss of data
C:\Users\usama\OneDrive\Desktop\C++ LIBRARY\Sample c++ library project\Sample c++ library project\interface.h(1466,1): warning C4267: 'argument': conversion from 'size_t' to 'int', possible loss of data
C:\Users\usama\OneDrive\Desktop\C++ LIBRARY\Sample c++ library project\Sample c++ library project\interface.h(1541,1): warning C4267: 'argument': conversion from 'size_t' to 'int', possible loss of data
C:\Users\usama\OneDrive\Desktop\C++ LIBRARY\Sample c++ library project\Sample c++ library project\interface.h(1545,1): warning C4267: 'argument': conversion from 'size_t' to 'int', possible loss of data
C:\Users\usama\OneDrive\Desktop\C++ LIBRARY\Sample c++ library project\Sample c++ library project\interface.h(1550,1): warning C4267: 'argument': conversion from 'size_t' to 'int', possible loss of data
C:\Users\usama\OneDrive\Desktop\C++ LIBRARY\Sample c++ library project\Sample c++ library project\interface.h(1626,1): warning C4267: '=': conversion from 'size_t' to 'int', possible loss of data
C:\Users\usama\OneDrive\Desktop\C++ LIBRARY\Sample c++ library project\Sample c++ library project\interface.h(1681,1): warning C4267: 'initializing': conversion from 'size_t' to 'int', possible loss of data
C:\Users\usama\OneDrive\Desktop\C++ LIBRARY\Sample c++ library project\Sample c++ library project\interface.h(1694,1): warning C4267: '=': conversion from 'size_t' to 'int', possible loss of data
C:\Users\usama\OneDrive\Desktop\C++ LIBRARY\Sample c++ library project\Sample c++ library project\interface.h(2020,1): warning C4267: 'argument': conversion from 'size_t' to 'int', possible loss of data
C:\Users\usama\OneDrive\Desktop\C++ LIBRARY\Sample c++ library project\Sample c++ library project\interface.h(2027,1): warning C4267: 'argument': conversion from 'size_t' to 'int', possible loss of data
C:\Users\usama\OneDrive\Desktop\C++ LIBRARY\Sample c++ library project\Sample c++ library project\interface.h(2034,1): warning C4267: 'argument': conversion from 'size_t' to 'int', possible loss of data
C:\Users\usama\OneDrive\Desktop\C++ LIBRARY\Sample c++ library project\Sample c++ library project\interface.h(2038,1): warning C4267: 'argument': conversion from 'size_t' to 'int', possible loss of data
C:\Program Files\Microsoft Visual Studio\2022\Community\VC\Tools\MSVC\14.32.31326\include\utility(190,48): warning C4267: 'initializing': conversion from 'size_t' to '_Ty1', possible loss of data
          with
          [
              _Ty1=int
          ]
C:\Users\usama\OneDrive\Desktop\C++ LIBRARY\Sample c++ library project\Sample c++ library project\interface.h(964): message : see reference to function template instantiation 'std::pair<int,int>::pair<unsigned __int64,int,0>(_Other1 &&,_Other2 &&) noexcept' being compiled
          with
          [
              _Other1=unsigned __int64,
              _Other2=int
          ]
C:\Users\usama\OneDrive\Desktop\C++ LIBRARY\Sample c++ library project\Sample c++ library project\interface.h(964): message : see reference to function template instantiation 'std::pair<int,int>::pair<unsigned __int64,int,0>(_Other1 &&,_Other2 &&) noexcept' being compiled
          with
          [
              _Other1=unsigned __int64,
              _Other2=int
          ]
  Generating Code...
C:\Users\usama\OneDrive\Desktop\C++ LIBRARY\Sample c++ library project\Sample c++ library project\interface.h(728): warning C4715: 'form::BoxNumToHeader': not all control paths return a value
C:\Users\usama\OneDrive\Desktop\C++ LIBRARY\Sample c++ library project\Sample c++ library project\interface.h(997): warning C4715: 'form::BoxToMcqNum': not all control paths return a value
C:\Users\usama\OneDrive\Desktop\C++ LIBRARY\Sample c++ library project\Sample c++ library project\interface.h(1308): warning C4715: 'form::UpdateDate': not all control paths return a value
C:\Users\usama\OneDrive\Desktop\C++ LIBRARY\Sample c++ library project\Sample c++ library project\interface.h(1247): warning C4715: 'form::IsValidInput': not all control paths return a value
C:\Users\usama\OneDrive\Desktop\C++ LIBRARY\Sample c++ library project\Sample c++ library project\interface.h(762): warning C4715: 'form::to_char': not all control paths return a value
C:\Users\usama\OneDrive\Desktop\C++ LIBRARY\Sample c++ library project\Sample c++ library project\interface.h(900): warning C4715: 'form::GetElementSize': not all control paths return a value
C:\Users\usama\OneDrive\Desktop\C++ LIBRARY\Sample c++ library project\Sample c++ library project\Interface.h(520): warning C4715: 'menu::Input': not all control paths return a value
C:\Users\usama\OneDrive\Desktop\C++ LIBRARY\Sample c++ library project\Sample c++ library project\Interface.h(227): warning C4715: 'menu::inputA': not all control paths return a value
C:\Users\usama\OneDrive\Desktop\C++ LIBRARY\Sample c++ library project\Sample c++ library project\Interface.h(243): warning C4715: 'menu::inputB': not all control paths return a value
C:\Users\usama\OneDrive\Desktop\C++ LIBRARY\Sample c++ library project\Sample c++ library project\Interface.h(762): warning C4715: 'form::to_char': not all control paths return a value
C:\Users\usama\OneDrive\Desktop\C++ LIBRARY\Sample c++ library project\Sample c++ library project\Interface.h(728): warning C4715: 'form::BoxNumToHeader': not all control paths return a value
C:\Users\usama\OneDrive\Desktop\C++ LIBRARY\Sample c++ library project\Sample c++ library project\Interface.h(997): warning C4715: 'form::BoxToMcqNum': not all control paths return a value
C:\Users\usama\OneDrive\Desktop\C++ LIBRARY\Sample c++ library project\Sample c++ library project\Interface.h(1308): warning C4715: 'form::UpdateDate': not all control paths return a value
C:\Users\usama\OneDrive\Desktop\C++ LIBRARY\Sample c++ library project\Sample c++ library project\Interface.h(1247): warning C4715: 'form::IsValidInput': not all control paths return a value
C:\Users\usama\OneDrive\Desktop\C++ LIBRARY\Sample c++ library project\Sample c++ library project\Interface.h(900): warning C4715: 'form::GetElementSize': not all control paths return a value
  Sample c++ library project.vcxproj -> C:\Users\usama\OneDrive\Desktop\C++ LIBRARY\Sample c++ library project\x64\Debug\Sample c++ library project.exe
